<?xml version="1.0" encoding="UTF-8"?>
<robot generator="Robot 6.1.1 (Python 3.10.12 on win32)" generated="20240110 23:44:40.274" rpa="true" schemaversion="4">
<suite id="s1" name="Tasks" source="c:\Users\tawatchai\Desktop\screenshot\VSCode_RobotFramework\test_robot_basic1\tasks.robot">
<kw name="Open Browser" library="SeleniumLibrary" type="SETUP">
<arg>${URL}</arg>
<arg>${BROWSER}</arg>
<doc>Opens a new browser instance to the optional ``url``.</doc>
<msg timestamp="20240110 23:44:42.634" level="INFO">Opening browser 'Chrome' to base url 'https://dineshvelhal.github.io/testautomation-playground/login.html'.</msg>
<status status="PASS" starttime="20240110 23:44:42.628" endtime="20240110 23:44:45.613"/>
</kw>
<test id="s1-t1" name="Login" line="13">
<kw name="Click Element" library="SeleniumLibrary">
<arg>id:user</arg>
<doc>Click the element identified by ``locator``.</doc>
<msg timestamp="20240110 23:44:45.631" level="INFO">Clicking element 'id:user'.</msg>
<status status="PASS" starttime="20240110 23:44:45.625" endtime="20240110 23:44:45.740"/>
</kw>
<kw name="Input Text" library="SeleniumLibrary">
<arg>id:user</arg>
<arg>admin</arg>
<doc>Types the given ``text`` into the text field identified by ``locator``.</doc>
<msg timestamp="20240110 23:44:45.745" level="INFO">Typing text 'admin' into text field 'id:user'.</msg>
<status status="PASS" starttime="20240110 23:44:45.741" endtime="20240110 23:44:45.840"/>
</kw>
<kw name="Sleep" library="BuiltIn">
<arg>0.5</arg>
<doc>Pauses the test executed for the given time.</doc>
<msg timestamp="20240110 23:44:46.366" level="INFO">Slept 500 milliseconds</msg>
<status status="PASS" starttime="20240110 23:44:45.856" endtime="20240110 23:44:46.367"/>
</kw>
<kw name="Click Element" library="SeleniumLibrary">
<arg>id:password</arg>
<doc>Click the element identified by ``locator``.</doc>
<msg timestamp="20240110 23:44:46.371" level="INFO">Clicking element 'id:password'.</msg>
<status status="PASS" starttime="20240110 23:44:46.369" endtime="20240110 23:44:46.437"/>
</kw>
<kw name="Input Text" library="SeleniumLibrary">
<arg>id:password</arg>
<arg>admin</arg>
<doc>Types the given ``text`` into the text field identified by ``locator``.</doc>
<msg timestamp="20240110 23:44:46.444" level="INFO">Typing text 'admin' into text field 'id:password'.</msg>
<status status="PASS" starttime="20240110 23:44:46.440" endtime="20240110 23:44:46.518"/>
</kw>
<kw name="Sleep" library="BuiltIn">
<arg>0.5</arg>
<doc>Pauses the test executed for the given time.</doc>
<msg timestamp="20240110 23:44:47.024" level="INFO">Slept 500 milliseconds</msg>
<status status="PASS" starttime="20240110 23:44:46.520" endtime="20240110 23:44:47.025"/>
</kw>
<kw name="Click Button" library="SeleniumLibrary">
<arg>id:login</arg>
<doc>Clicks the button identified by ``locator``.</doc>
<msg timestamp="20240110 23:44:47.030" level="INFO">Clicking button 'id:login'.</msg>
<status status="PASS" starttime="20240110 23:44:47.027" endtime="20240110 23:44:48.162"/>
</kw>
<kw name="Wait Until Element Is Visible" library="SeleniumLibrary">
<arg>css:h3</arg>
<doc>Waits until the element ``locator`` is visible.</doc>
<status status="PASS" starttime="20240110 23:44:48.164" endtime="20240110 23:44:48.262"/>
</kw>
<kw name="Click Element" library="SeleniumLibrary">
<arg>id:rad_medium</arg>
<doc>Click the element identified by ``locator``.</doc>
<msg timestamp="20240110 23:44:48.266" level="INFO">Clicking element 'id:rad_medium'.</msg>
<status status="PASS" starttime="20240110 23:44:48.264" endtime="20240110 23:44:48.365"/>
</kw>
<kw name="Sleep" library="BuiltIn">
<arg>0.5</arg>
<doc>Pauses the test executed for the given time.</doc>
<msg timestamp="20240110 23:44:48.880" level="INFO">Slept 500 milliseconds</msg>
<status status="PASS" starttime="20240110 23:44:48.367" endtime="20240110 23:44:48.881"/>
</kw>
<kw name="Select From List By Label" library="SeleniumLibrary">
<arg>id:select_flavor</arg>
<arg>Veggie Delight</arg>
<doc>Selects options from selection list ``locator`` by ``labels``.</doc>
<msg timestamp="20240110 23:44:48.893" level="INFO">Selecting options from selection list 'id:select_flavor' by label Veggie Delight.</msg>
<status status="PASS" starttime="20240110 23:44:48.886" endtime="20240110 23:44:49.014"/>
</kw>
<kw name="Sleep" library="BuiltIn">
<arg>0.5</arg>
<doc>Pauses the test executed for the given time.</doc>
<msg timestamp="20240110 23:44:49.530" level="INFO">Slept 500 milliseconds</msg>
<status status="PASS" starttime="20240110 23:44:49.015" endtime="20240110 23:44:49.530"/>
</kw>
<kw name="Click Element" library="SeleniumLibrary">
<arg>id:rad_buffalo</arg>
<doc>Click the element identified by ``locator``.</doc>
<msg timestamp="20240110 23:44:49.534" level="INFO">Clicking element 'id:rad_buffalo'.</msg>
<status status="PASS" starttime="20240110 23:44:49.532" endtime="20240110 23:44:49.590"/>
</kw>
<kw name="Click Element" library="SeleniumLibrary">
<arg>id:green_olive</arg>
<doc>Click the element identified by ``locator``.</doc>
<msg timestamp="20240110 23:44:49.596" level="INFO">Clicking element 'id:green_olive'.</msg>
<status status="PASS" starttime="20240110 23:44:49.592" endtime="20240110 23:44:49.653"/>
</kw>
<kw name="Sleep" library="BuiltIn">
<arg>0.5</arg>
<doc>Pauses the test executed for the given time.</doc>
<msg timestamp="20240110 23:44:50.169" level="INFO">Slept 500 milliseconds</msg>
<status status="PASS" starttime="20240110 23:44:49.655" endtime="20240110 23:44:50.171"/>
</kw>
<status status="PASS" starttime="20240110 23:44:45.615" endtime="20240110 23:44:50.176"/>
</test>
<kw name="Close All Browsers" library="SeleniumLibrary" type="TEARDOWN">
<doc>Closes all open browsers and resets the browser cache.</doc>
<status status="PASS" starttime="20240110 23:44:50.196" endtime="20240110 23:44:56.445"/>
</kw>
<doc>Template robot main suite.</doc>
<status status="PASS" starttime="20240110 23:44:40.305" endtime="20240110 23:44:56.447"/>
</suite>
<statistics>
<total>
<stat pass="1" fail="0" skip="0">All Tasks</stat>
</total>
<tag>
</tag>
<suite>
<stat pass="1" fail="0" skip="0" id="s1" name="Tasks">Tasks</stat>
</suite>
</statistics>
<errors>
</errors>
</robot>
